<?xml version="1.0" encoding="UTF-8"?>
<!-- Generated by org.testng.reporters.JUnitReportReporter -->
<testsuite hostname="DESKTOP-5JFS7KH" failures="0" tests="2" name="com.juaracoding.pageobject.TestAlert" time="4.319" errors="0" timestamp="2022-08-16T21:17:38 WIB" skipped="0">
  <testcase classname="com.juaracoding.pageobject.TestAlert" name="testAlertSendkey" time="2.146"/>
  <system-out/>
  <testcase classname="com.juaracoding.pageobject.TestAlert" name="testAlert" time="2.173"/>
  <system-out/>
</testsuite> <!-- com.juaracoding.pageobject.TestAlert -->
