<?xml version="1.0" encoding="UTF-8"?>
<!-- Generated by org.testng.reporters.JUnitReportReporter -->
<testsuite hostname="DESKTOP-5JFS7KH" failures="0" tests="1" name="com.juaracoding.pageobject.TestFrame" time="0.081" errors="0" timestamp="2022-08-16T20:01:25 WIB" skipped="0">
  <testcase classname="com.juaracoding.pageobject.TestFrame" name="testFrame" time="0.081"/>
  <system-out/>
</testsuite> <!-- com.juaracoding.pageobject.TestFrame -->
