<?xml version="1.0" encoding="UTF-8"?>
<!-- Generated by org.testng.reporters.JUnitReportReporter -->
<testsuite hostname="DESKTOP-5JFS7KH" failures="0" tests="1" name="com.juaracoding.pageobject.TestRandomPokemon" time="0.910" errors="0" timestamp="2022-08-15T21:19:51 WIB" skipped="0">
  <testcase classname="com.juaracoding.pageobject.TestRandomPokemon" name="testInvalidLogin" time="0.910"/>
  <system-out/>
</testsuite> <!-- com.juaracoding.pageobject.TestRandomPokemon -->
