<?xml version="1.0" encoding="UTF-8"?>
<!-- Generated by org.testng.reporters.JUnitReportReporter -->
<testsuite hostname="DESKTOP-5JFS7KH" failures="0" tests="1" name="com.juaracoding.pageobject.TestLoginSiloam" time="0.491" errors="0" timestamp="2022-08-15T20:44:07 WIB" skipped="0">
  <testcase classname="com.juaracoding.pageobject.TestLoginSiloam" name="testInvalidLogin" time="0.491"/>
  <system-out/>
</testsuite> <!-- com.juaracoding.pageobject.TestLoginSiloam -->
