<?xml version="1.0" encoding="UTF-8"?>
<!-- Generated by org.testng.reporters.JUnitReportReporter -->
<testsuite hostname="DESKTOP-5JFS7KH" failures="0" tests="1" name="com.juaracoding.pageobject.TestModal" time="0.310" errors="0" timestamp="2022-08-18T19:49:58 WIB" skipped="0">
  <testcase classname="com.juaracoding.pageobject.TestModal" name="testmodal" time="0.310"/>
  <system-out/>
</testsuite> <!-- com.juaracoding.pageobject.TestModal -->
