<?xml version="1.0" encoding="UTF-8"?>
<!-- Generated by org.testng.reporters.JUnitReportReporter -->
<testsuite hostname="DESKTOP-5JFS7KH" failures="0" tests="4" name="com.juaracoding.pageobject.TestSampleForm" time="1.956" errors="0" timestamp="2022-08-18T21:29:52 WIB" skipped="0">
  <testcase classname="com.juaracoding.pageobject.TestSampleForm" name="testCheckForm" time="0.773"/>
  <system-out/>
  <testcase classname="com.juaracoding.pageobject.TestSampleForm" name="testUpload" time="0.045"/>
  <system-out/>
  <testcase classname="com.juaracoding.pageobject.TestSampleForm" name="testRadioForm" time="0.747"/>
  <system-out/>
  <testcase classname="com.juaracoding.pageobject.TestSampleForm" name="testMenuForm" time="0.391"/>
  <system-out/>
</testsuite> <!-- com.juaracoding.pageobject.TestSampleForm -->
