<?xml version="1.0" encoding="UTF-8"?>
<!-- Generated by org.testng.reporters.JUnitReportReporter -->
<testsuite hostname="DESKTOP-5JFS7KH" failures="0" tests="1" name="com.juaracoding.pageobject.TestLogin" time="0.326" errors="0" timestamp="2022-08-15T20:07:44 WIB" skipped="0">
  <testcase classname="com.juaracoding.pageobject.TestLogin" name="testUsernameEmptyLogin" time="0.326"/>
  <system-out/>
</testsuite> <!-- com.juaracoding.pageobject.TestLogin -->
