<?xml version="1.0" encoding="UTF-8"?>
<!-- Generated by org.testng.reporters.JUnitReportReporter -->
<testsuite hostname="DESKTOP-5JFS7KH" failures="0" tests="3" name="com.juaracoding.pageobject.posttest.TestPostTest18" time="24.985" errors="0" timestamp="2022-08-19T00:34:47 WIB" skipped="0">
  <testcase classname="com.juaracoding.pageobject.posttest.TestPostTest18" name="TestPembelian1" time="13.645"/>
  <system-out/>
  <testcase classname="com.juaracoding.pageobject.posttest.TestPostTest18" name="TestPembelian2" time="8.913"/>
  <system-out/>
  <testcase classname="com.juaracoding.pageobject.posttest.TestPostTest18" name="ShowCart" time="2.427"/>
  <system-out/>
</testsuite> <!-- com.juaracoding.pageobject.posttest.TestPostTest18 -->
